# JRE version: OpenJDK Runtime Environment (8.0_242-b08) (build 1.8.0_242-8u242-b08-0ubuntu3~18.04-b08)
# Java VM: OpenJDK 64-Bit Server VM (25.242-b08 mixed mode linux-amd64 compressed oops)
Heap:
 par new generation   total 154240K, used 52747K [0x00000000c0000000, 0x00000000ca750000, 0x00000000e9990000)
  eden space 137152K,  26% used [0x00000000c0000000, 0x00000000c22d2eb8, 0x00000000c85f0000)
  from space 17088K, 100% used [0x00000000c85f0000, 0x00000000c96a0000, 0x00000000c96a0000)
  to   space 17088K,   0% used [0x00000000c96a0000, 0x00000000c96a0000, 0x00000000ca750000)
 concurrent mark-sweep generation total 15677052K, used 15675277K [0x00000000e9990000, 0x00000004a672f000, 0x00000007c0000000)
 Metaspace       used 8615K, capacity 8830K, committed 8960K, reserved 1056768K
  class space    used 908K, capacity 983K, committed 1024K, reserved 1048576K
GC Heap History (10 events):
Event: 111,331 GC heap before
{Heap before GC invocations=955 (full 8):
 par new generation   total 154240K, used 154240K [0x00000000c0000000, 0x00000000ca750000, 0x00000000e9990000)
  eden space 137152K, 100% used [0x00000000c0000000, 0x00000000c85f0000, 0x00000000c85f0000)
  from space 17088K, 100% used [0x00000000c96a0000, 0x00000000ca750000, 0x00000000ca750000)
  to   space 17088K,   0% used [0x00000000c85f0000, 0x00000000c85f0000, 0x00000000c96a0000)
 concurrent mark-sweep generation total 15512700K, used 15511009K [0x00000000e9990000, 0x000000049c6af000, 0x00000007c0000000)
 Metaspace       used 8615K, capacity 8830K, committed 8960K, reserved 1056768K
  class space    used 908K, capacity 983K, committed 1024K, reserved 1048576K
Event: 111,386 GC heap after
Heap after GC invocations=956 (full 8):
 par new generation   total 154240K, used 17088K [0x00000000c0000000, 0x00000000ca750000, 0x00000000e9990000)
  eden space 137152K,   0% used [0x00000000c0000000, 0x00000000c0000000, 0x00000000c85f0000)
  from space 17088K, 100% used [0x00000000c85f0000, 0x00000000c96a0000, 0x00000000c96a0000)
  to   space 17088K,   0% used [0x00000000c96a0000, 0x00000000c96a0000, 0x00000000ca750000)
 concurrent mark-sweep generation total 15545532K, used 15543700K [0x00000000e9990000, 0x000000049e6bf000, 0x00000007c0000000)
 Metaspace       used 8615K, capacity 8830K, committed 8960K, reserved 1056768K
  class space    used 908K, capacity 983K, committed 1024K, reserved 1048576K
}
Event: 111,451 GC heap before
{Heap before GC invocations=956 (full 8):
 par new generation   total 154240K, used 154240K [0x00000000c0000000, 0x00000000ca750000, 0x00000000e9990000)
  eden space 137152K, 100% used [0x00000000c0000000, 0x00000000c85f0000, 0x00000000c85f0000)
  from space 17088K, 100% used [0x00000000c85f0000, 0x00000000c96a0000, 0x00000000c96a0000)
  to   space 17088K,   0% used [0x00000000c96a0000, 0x00000000c96a0000, 0x00000000ca750000)
 concurrent mark-sweep generation total 15545532K, used 15543700K [0x00000000e9990000, 0x000000049e6bf000, 0x00000007c0000000)
 Metaspace       used 8615K, capacity 8830K, committed 8960K, reserved 1056768K
  class space    used 908K, capacity 983K, committed 1024K, reserved 1048576K
Event: 111,519 GC heap after
Heap after GC invocations=957 (full 8):
 par new generation   total 154240K, used 17088K [0x00000000c0000000, 0x00000000ca750000, 0x00000000e9990000)
  eden space 137152K,   0% used [0x00000000c0000000, 0x00000000c0000000, 0x00000000c85f0000)
  from space 17088K, 100% used [0x00000000c96a0000, 0x00000000ca750000, 0x00000000ca750000)
  to   space 17088K,   0% used [0x00000000c85f0000, 0x00000000c85f0000, 0x00000000c96a0000)
 concurrent mark-sweep generation total 15579324K, used 15577315K [0x00000000e9990000, 0x00000004a07bf000, 0x00000007c0000000)
 Metaspace       used 8615K, capacity 8830K, committed 8960K, reserved 1056768K
  class space    used 908K, capacity 983K, committed 1024K, reserved 1048576K
}
Event: 111,586 GC heap before
{Heap before GC invocations=957 (full 8):
 par new generation   total 154240K, used 154240K [0x00000000c0000000, 0x00000000ca750000, 0x00000000e9990000)
  eden space 137152K, 100% used [0x00000000c0000000, 0x00000000c85f0000, 0x00000000c85f0000)
  from space 17088K, 100% used [0x00000000c96a0000, 0x00000000ca750000, 0x00000000ca750000)
  to   space 17088K,   0% used [0x00000000c85f0000, 0x00000000c85f0000, 0x00000000c96a0000)
 concurrent mark-sweep generation total 15579324K, used 15577315K [0x00000000e9990000, 0x00000004a07bf000, 0x00000007c0000000)
 Metaspace       used 8615K, capacity 8830K, committed 8960K, reserved 1056768K
  class space    used 908K, capacity 983K, committed 1024K, reserved 1048576K
Event: 111,641 GC heap after
Heap after GC invocations=958 (full 8):
 par new generation   total 154240K, used 17088K [0x00000000c0000000, 0x00000000ca750000, 0x00000000e9990000)
  eden space 137152K,   0% used [0x00000000c0000000, 0x00000000c0000000, 0x00000000c85f0000)
  from space 17088K, 100% used [0x00000000c85f0000, 0x00000000c96a0000, 0x00000000c96a0000)
  to   space 17088K,   0% used [0x00000000c96a0000, 0x00000000c96a0000, 0x00000000ca750000)
 concurrent mark-sweep generation total 15611964K, used 15610113K [0x00000000e9990000, 0x00000004a279f000, 0x00000007c0000000)
 Metaspace       used 8615K, capacity 8830K, committed 8960K, reserved 1056768K
  class space    used 908K, capacity 983K, committed 1024K, reserved 1048576K
}
Event: 111,703 GC heap before
{Heap before GC invocations=958 (full 8):
 par new generation   total 154240K, used 154240K [0x00000000c0000000, 0x00000000ca750000, 0x00000000e9990000)
  eden space 137152K, 100% used [0x00000000c0000000, 0x00000000c85f0000, 0x00000000c85f0000)
  from space 17088K, 100% used [0x00000000c85f0000, 0x00000000c96a0000, 0x00000000c96a0000)
  to   space 17088K,   0% used [0x00000000c96a0000, 0x00000000c96a0000, 0x00000000ca750000)
 concurrent mark-sweep generation total 15611964K, used 15610113K [0x00000000e9990000, 0x00000004a279f000, 0x00000007c0000000)
 Metaspace       used 8615K, capacity 8830K, committed 8960K, reserved 1056768K
  class space    used 908K, capacity 983K, committed 1024K, reserved 1048576K
Event: 111,771 GC heap after
Heap after GC invocations=959 (full 8):
 par new generation   total 154240K, used 17088K [0x00000000c0000000, 0x00000000ca750000, 0x00000000e9990000)
  eden space 137152K,   0% used [0x00000000c0000000, 0x00000000c0000000, 0x00000000c85f0000)
  from space 17088K, 100% used [0x00000000c96a0000, 0x00000000ca750000, 0x00000000ca750000)
  to   space 17088K,   0% used [0x00000000c85f0000, 0x00000000c85f0000, 0x00000000c96a0000)
 concurrent mark-sweep generation total 15644412K, used 15642366K [0x00000000e9990000, 0x00000004a474f000, 0x00000007c0000000)
 Metaspace       used 8615K, capacity 8830K, committed 8960K, reserved 1056768K
  class space    used 908K, capacity 983K, committed 1024K, reserved 1048576K
}
Event: 111,836 GC heap before
{Heap before GC invocations=959 (full 8):
 par new generation   total 154240K, used 154240K [0x00000000c0000000, 0x00000000ca750000, 0x00000000e9990000)
  eden space 137152K, 100% used [0x00000000c0000000, 0x00000000c85f0000, 0x00000000c85f0000)
  from space 17088K, 100% used [0x00000000c96a0000, 0x00000000ca750000, 0x00000000ca750000)
  to   space 17088K,   0% used [0x00000000c85f0000, 0x00000000c85f0000, 0x00000000c96a0000)
 concurrent mark-sweep generation total 15644412K, used 15642366K [0x00000000e9990000, 0x00000004a474f000, 0x00000007c0000000)
 Metaspace       used 8615K, capacity 8830K, committed 8960K, reserved 1056768K
  class space    used 908K, capacity 983K, committed 1024K, reserved 1048576K
Event: 111,897 GC heap after
Heap after GC invocations=960 (full 8):
 par new generation   total 154240K, used 17088K [0x00000000c0000000, 0x00000000ca750000, 0x00000000e9990000)
  eden space 137152K,   0% used [0x00000000c0000000, 0x00000000c0000000, 0x00000000c85f0000)
  from space 17088K, 100% used [0x00000000c85f0000, 0x00000000c96a0000, 0x00000000c96a0000)
  to   space 17088K,   0% used [0x00000000c96a0000, 0x00000000c96a0000, 0x00000000ca750000)
 concurrent mark-sweep generation total 15677052K, used 15675277K [0x00000000e9990000, 0x00000004a672f000, 0x00000007c0000000)
 Metaspace       used 8615K, capacity 8830K, committed 8960K, reserved 1056768K
  class space    used 908K, capacity 983K, committed 1024K, reserved 1048576K
}

